Using pre-set license
Built from '2020.3/release' branch; Version is '2020.3.1f1 (77a89f25062f) revision 7841951'; Using compiler version '192528614'; Build Type 'Release'
OS: 'Windows 10 Enterprise; OS build 17763.1935; Version 1809; 64bit' Language: 'es' Physical Memory: 65427 MB
BatchMode: 1, IsHumanControllingUs: 0, StartBugReporterOnCrash: 0, Is64bit: 1, IsPro: 0

 COMMAND LINE ARGUMENTS:
C:\Program Files\Unity\Editor\Unity.exe
-adb2
-batchMode
-noUpm
-name
AssetImportWorker0
-projectPath
D:/Users/francisco_jav.mejia/Documents/GitHub/ProyectoRV/ProyectoRv
-logFile
Logs/AssetImportWorker0.log
-srvPort
62465
Successfully changed project path to: D:/Users/francisco_jav.mejia/Documents/GitHub/ProyectoRV/ProyectoRv
D:/Users/francisco_jav.mejia/Documents/GitHub/ProyectoRV/ProyectoRv
Using Asset Import Pipeline V2.
Refreshing native plugins compatible for Editor in 48.00 ms, found 4 plugins.
Preloading 1 native plugins for Editor in 0.95 ms.
Initialize engine version: 2020.3.1f1 (77a89f25062f)
[Subsystems] Discovering subsystems at path C:/Program Files/Unity/Editor/Data/Resources/UnitySubsystems
[Subsystems] Discovering subsystems at path D:/Users/francisco_jav.mejia/Documents/GitHub/ProyectoRV/ProyectoRv/Assets
GfxDevice: creating device client; threaded=0
Direct3D:
    Version:  Direct3D 11.0 [level 11.0]
    Renderer: NVIDIA Quadro K420 (ID=0xff3)
    Vendor:   
    VRAM:     2007 MB
    Driver:   23.21.13.9125
Shader 'Oculus/OVRMRCameraFrameLit': fallback shader 'Alpha-Diffuse' not found
Initialize mono
Mono path[0] = 'C:/Program Files/Unity/Editor/Data/Managed'
Mono path[1] = 'C:/Program Files/Unity/Editor/Data/MonoBleedingEdge/lib/mono/unityjit'
Mono config path = 'C:/Program Files/Unity/Editor/Data/MonoBleedingEdge/etc'
Using monoOptions --debugger-agent=transport=dt_socket,embedding=1,server=y,suspend=n,address=127.0.0.1:56232
Begin MonoManager ReloadAssembly
Registering precompiled unity dll's ...
Register platform support module: C:/Program Files/Unity/Editor/Data/PlaybackEngines/WindowsStandaloneSupport/UnityEditor.WindowsStandalone.Extensions.dll
Registered in 0.001755 seconds.
Native extension for WindowsStandalone target not found
Refreshing native plugins compatible for Editor in 44.18 ms, found 4 plugins.
Preloading 1 native plugins for Editor in 0.07 ms.
Invoked RoslynAnalysisRunner static constructor.
RoslynAnalysisRunner will not be running.
RoslynAnalysisRunner has terminated.
Mono: successfully reloaded assembly
- Completed reload, in  1.008 seconds
Platform modules already initialized, skipping
Registering precompiled user dll's ...
Registered in 0.001793 seconds.
Begin MonoManager ReloadAssembly
Native extension for WindowsStandalone target not found
Refreshing native plugins compatible for Editor in 0.61 ms, found 4 plugins.
Preloading 1 native plugins for Editor in 0.06 ms.
Invoked RoslynAnalysisRunner static constructor.
RoslynAnalysisRunner will not be running.
RoslynAnalysisRunner has terminated.
[XR] OculusXRPlugin: registering subsystems
[XR] Unable to register display lifecyle provider: [1]
[XR] Oculus Input lifecycle provider registered.
[XR] Unable to register input lifecyle provider: [1]
[XR] OVRP version 1.65.0
Mono: successfully reloaded assembly
- Completed reload, in  0.839 seconds
Platform modules already initialized, skipping
========================================================================
Worker process is ready to serve import requests
Shader 'Oculus/OVRMRCameraFrameLit': fallback shader 'Alpha-Diffuse' not found
Launched and connected shader compiler UnityShaderCompiler.exe after 0.06 seconds
Refreshing native plugins compatible for Editor in 0.58 ms, found 4 plugins.
Preloading 1 native plugins for Editor in 0.05 ms.
Unloading 1800 Unused Serialized files (Serialized files now loaded: 0)
System memory in use before: 89.4 MB.
System memory in use after: 89.4 MB.

Unloading 33 unused Assets to reduce memory usage. Loaded Objects now: 2226.
Total: 2.040300 ms (FindLiveObjects: 0.245400 ms CreateObjectMapping: 0.056700 ms MarkObjects: 1.624100 ms  DeleteObjects: 0.113200 ms)

========================================================================
Received Import Request.
  path: Assets/Processing
  artifactKey: Guid(07cbf8dfcbde74345afc94cb154ad499) Importer(815301076,1909f56bfc062723c751e8b465ee728b)
Start importing Assets/Processing using Guid(07cbf8dfcbde74345afc94cb154ad499) Importer(815301076,1909f56bfc062723c751e8b465ee728b)  -> (artifact id: '4509c14123bfe7994b63fd0fb37a0a42') in 0.003504 seconds
  Import took 0.006202 seconds .

========================================================================
Received Prepare
Registering precompiled user dll's ...
Registered in 0.002492 seconds.
Begin MonoManager ReloadAssembly
Native extension for WindowsStandalone target not found
Refreshing native plugins compatible for Editor in 0.59 ms, found 4 plugins.
Preloading 1 native plugins for Editor in 0.06 ms.
Invoked RoslynAnalysisRunner static constructor.
RoslynAnalysisRunner will not be running.
RoslynAnalysisRunner has terminated.
Mono: successfully reloaded assembly
- Completed reload, in  0.776 seconds
Platform modules already initialized, skipping
Shader 'Oculus/OVRMRCameraFrameLit': fallback shader 'Alpha-Diffuse' not found
Refreshing native plugins compatible for Editor in 0.57 ms, found 4 plugins.
Preloading 1 native plugins for Editor in 0.05 ms.
Unloading 1733 Unused Serialized files (Serialized files now loaded: 0)
System memory in use before: 84.9 MB.
System memory in use after: 85.0 MB.

Unloading 28 unused Assets to reduce memory usage. Loaded Objects now: 2231.
Total: 2.258100 ms (FindLiveObjects: 0.174800 ms CreateObjectMapping: 0.059600 ms MarkObjects: 1.952800 ms  DeleteObjects: 0.069900 ms)

========================================================================
Received Import Request.
  Time since last request: 24.423967 seconds.
  path: Assets/Processing/TCPClient.cs
  artifactKey: Guid(209722a58c65bce4280d673c9961bc12) Importer(815301076,1909f56bfc062723c751e8b465ee728b)
Start importing Assets/Processing/TCPClient.cs using Guid(209722a58c65bce4280d673c9961bc12) Importer(815301076,1909f56bfc062723c751e8b465ee728b)  -> (artifact id: '2a816655666192752dd8f63efd99adf6') in 0.029666 seconds
  Import took 0.032568 seconds .

========================================================================
Received Import Request.
  Time since last request: 0.001856 seconds.
  path: Assets/Processing/TCPClient.cs
  artifactKey: Guid(209722a58c65bce4280d673c9961bc12) Importer(815301076,1909f56bfc062723c751e8b465ee728b)
Start importing Assets/Processing/TCPClient.cs using Guid(209722a58c65bce4280d673c9961bc12) Importer(815301076,1909f56bfc062723c751e8b465ee728b)  -> (artifact id: '2a816655666192752dd8f63efd99adf6') in 0.001617 seconds
  Import took 0.004667 seconds .

AssetImportWorkerClient::OnTransportError - code=2 error=End of file
